<?xml version="1.0" encoding="UTF-8"?>
<!-- Generated by org.testng.reporters.JUnitXMLReporter -->
<testsuite ignored="0" hostname="sumansingh" failures="1" tests="1" name="Test" time="12.663" errors="0" timestamp="26 Jan 2021 22:57:26 GMT">
  <testcase classname="pom.wellbe.testcases.TC_logIn0001" name="LoginTest" time="8.955">
    <failure type="java.lang.NullPointerException" message="Cannot invoke &amp;quot;org.openqa.selenium.WebElement.click()&amp;quot; because &amp;quot;this.SendEmail&amp;quot; is null">
      <![CDATA[java.lang.NullPointerException: Cannot invoke "org.openqa.selenium.WebElement.click()" because "this.SendEmail" is null
at pom.wellbe.pageobject.LogInpage.signin(LogInpage.java:22)
at pom.wellbe.testcases.TC_logIn0001.LoginTest(TC_logIn0001.java:14)
... Removed 25 stack frames]]>
    </failure>
  </testcase> <!-- LoginTest -->
</testsuite> <!-- Test -->
