<?xml version="1.0" encoding="UTF-8"?>
<testsuite name="TestSuite" time="8.762" tests="1" errors="0" skipped="0" failures="1">
  <properties>
[...]
</properties>
  <testcase name="LoginTest" classname="pom.wellbe.testcases.TC_logIn0001" time="8.762">
    <failure message="Cannot invoke &quot;org.openqa.selenium.WebElement.click()&quot; because &quot;this.SendEmail&quot; is null" type="java.lang.NullPointerException">java.lang.NullPointerException: Cannot invoke "org.openqa.selenium.WebElement.click()" because "this.SendEmail" is null
	at pom.wellbe.pageobject.LogInpage.signin(LogInpage.java:22)
	at pom.wellbe.testcases.TC_logIn0001.LoginTest(TC_logIn0001.java:14)
</failure>
    <system-out><![CDATA[[TestNGContentHandler] [WARN] It is strongly recommended to add "<!DOCTYPE suite SYSTEM "http://testng.org/testng-1.0.dtd" >" at the top of your file, otherwise TestNG may fail or not work as expected.
]]></system-out>
    <system-err><![CDATA[Starting ChromeDriver 87.0.4280.88 (89e2380a3e36c3464b5dd1302349b1382549290d-refs/branch-heads/4280@{#1761}) on port 23994
Only local connections are allowed.
Please see https://chromedriver.chromium.org/security-considerations for suggestions on keeping ChromeDriver safe.
ChromeDriver was started successfully.
Jan 27, 2021 4:28:52 AM org.openqa.selenium.remote.ProtocolHandshake createSession
INFO: Detected dialect: W3C
]]></system-err>
  </testcase>
</testsuite>